<?xml version="1.0" encoding="UTF-8"?>
<!-- Generated by org.testng.reporters.JUnitReportReporter -->
<testsuite hostname="ojas-dd510" failures="0" tests="1" name="testcases.Tc_LoginPage" time="8.964" errors="0" timestamp="2024-01-31T19:18:01 IST" skipped="0">
  <testcase classname="testcases.Tc_LoginPage" name="launch" time="8.964"/>
  <system-out/>
</testsuite> <!-- testcases.Tc_LoginPage -->
