<?xml version="1.0" encoding="UTF-8"?>
<!-- Generated by org.testng.reporters.JUnitReportReporter -->
<testsuite hostname="ojas-dd510" failures="0" tests="1" name="testcases.IntermediaryAddProductTest" time="17.629" errors="0" timestamp="2024-01-31T20:00:24 IST" skipped="0">
  <testcase classname="testcases.IntermediaryAddProductTest" name="addProduct" time="17.629"/>
  <system-out/>
</testsuite> <!-- testcases.IntermediaryAddProductTest -->
