<?xml version="1.0" encoding="UTF-8"?>
<!-- Generated by org.testng.reporters.JUnitReportReporter -->
<testsuite hostname="ojas-dd571" failures="0" tests="2" name="testcases.Tc_RfqPage" time="33.359" errors="0" timestamp="2024-01-31T11:42:57 IST" skipped="0">
  <testcase classname="testcases.Tc_RfqPage" name="launch" time="8.503"/>
  <system-out/>
  <testcase classname="testcases.Tc_RfqPage" name="rfqTestcase" time="24.856"/>
  <system-out/>
</testsuite> <!-- testcases.Tc_RfqPage -->
