<?xml version="1.0" encoding="UTF-8"?>
<!-- Generated by org.testng.reporters.JUnitReportReporter -->
<testsuite hostname="ojas-dd571" failures="0" tests="3" name="testcases.Tc_Corporate" time="84.652" errors="0" timestamp="2024-01-31T12:48:24 IST" skipped="0">
  <testcase classname="testcases.Tc_Corporate" name="launch" time="8.409"/>
  <system-out/>
  <testcase classname="testcases.Tc_Corporate" name="rfqTestcase" time="21.248"/>
  <system-out/>
  <testcase classname="testcases.Tc_Corporate" name="createrfq" time="54.995"/>
  <system-out/>
</testsuite> <!-- testcases.Tc_Corporate -->
