<?xml version="1.0" encoding="UTF-8"?>
<!-- Generated by org.testng.reporters.JUnitReportReporter -->
<testsuite hostname="ojas-dd510" failures="0" tests="1" name="testcases.IntemediaryAddCoverageTest" time="22.787" errors="0" timestamp="2024-01-31T20:19:03 IST" skipped="0">
  <testcase classname="testcases.IntemediaryAddCoverageTest" name="addCoverage" time="22.787"/>
  <system-out/>
</testsuite> <!-- testcases.IntemediaryAddCoverageTest -->
